Flutter crash report.
Please report a bug at https://github.com/flutter/flutter/issues.

## command

flutter run --machine --start-paused -d chrome --devtools-server-address http://127.0.0.1:9101/ --target /Users/gh0zi0/Desktop/Projects/GitHub/infinityMiner/lib/main.dart

## exception

HttpException: HttpException: Connection closed before full header was received, uri = http://localhost:52343/json

```
```

## flutter doctor

```
[!] Flutter (Channel stable, 3.24.1, on macOS 14.6.1 23G93 darwin-arm64, locale en-JO)
    • Flutter version 3.24.1 on channel stable at /Users/gh0zi0/FlutterDev/flutter
    ! Warning: `dart` on your path resolves to /usr/local/Cellar/dart/3.1.3/libexec/bin/dart, which is not inside your current Flutter SDK checkout at /Users/gh0zi0/FlutterDev/flutter. Consider adding /Users/gh0zi0/FlutterDev/flutter/bin to the front of your path.
    • Upstream repository https://github.com/flutter/flutter.git
    • Framework revision 5874a72aa4 (3 weeks ago), 2024-08-20 16:46:00 -0500
    • Engine revision c9b9d5780d
    • Dart version 3.5.1
    • DevTools version 2.37.2
    • If those were intentional, you can disregard the above warnings; however it is recommended to use "git" directly to perform update checks and upgrades.

[✓] Android toolchain - develop for Android devices (Android SDK version 34.0.0)
    • Android SDK at /Users/gh0zi0/Library/Android/sdk
    • Platform android-34, build-tools 34.0.0
    • Java binary at: /Applications/Android Studio.app/Contents/jbr/Contents/Home/bin/java
    • Java version OpenJDK Runtime Environment (build 17.0.10+0-17.0.10b1087.21-11572160)
    • All Android licenses accepted.

[✓] Xcode - develop for iOS and macOS (Xcode 15.0)
    • Xcode at /Applications/Xcode.app/Contents/Developer
    • Build 15A240d
    • CocoaPods version 1.15.2

[✓] Chrome - develop for the web
    • Chrome at /Applications/Google Chrome.app/Contents/MacOS/Google Chrome

[✓] Android Studio (version 2023.3)
    • Android Studio at /Applications/Android Studio.app/Contents
    • Flutter plugin can be installed from:
      🔨 https://plugins.jetbrains.com/plugin/9212-flutter
    • Dart plugin can be installed from:
      🔨 https://plugins.jetbrains.com/plugin/6351-dart
    • Java version OpenJDK Runtime Environment (build 17.0.10+0-17.0.10b1087.21-11572160)

[✓] VS Code (version 1.93.0)
    • VS Code at /Users/gh0zi0/Desktop/Programming/Visual Studio Code.app/Contents
    • Flutter extension version 3.96.0

[✓] Connected device (3 available)
    • macOS (desktop)                 • macos                 • darwin-arm64   • macOS 14.6.1 23G93 darwin-arm64
    • Mac Designed for iPad (desktop) • mac-designed-for-ipad • darwin         • macOS 14.6.1 23G93 darwin-arm64
    • Chrome (web)                    • chrome                • web-javascript • Google Chrome 116.0.5845.140
    ! Error: Browsing on the local area network for Ghazi’s iPhone. Ensure the device is unlocked and attached with a cable or associated with the same local area network as this Mac.
      The device must be opted into Developer Mode to connect wirelessly. (code -27)

[✓] Network resources
    • All expected network resources are available.

! Doctor found issues in 1 category.
```
